<?xml version="1.0" encoding="UTF-8"?>
<testsuite name="TesteRegistroPontos" tests="4" skipped="0" failures="0" errors="0" timestamp="2021-09-08T15:01:30" hostname="patrickfrr-System-Product-Name" time="0.112">
  <properties/>
  <testcase name="pontosCriarTopicoBonusDoDia()" classname="TesteRegistroPontos" time="0.099"/>
  <testcase name="pontosCriarTopicoVip()" classname="TesteRegistroPontos" time="0.003"/>
  <testcase name="pontosCriarTopico()" classname="TesteRegistroPontos" time="0.002"/>
  <testcase name="pontosCriarTopicoVipBonusDoDia()" classname="TesteRegistroPontos" time="0.002"/>
  <system-out><![CDATA[]]></system-out>
  <system-err><![CDATA[]]></system-err>
</testsuite>
